<project xmlns="http://maven.apache.org/POM/4.0.0"
         xmlns:xsi="http://www.w3.org/2001/XMLSchema-instance"
         xsi:schemaLocation="http://maven.apache.org/POM/4.0.0
                      http://maven.apache.org/maven-v4_0_0.xsd">
  <modelVersion>4.0.0</modelVersion>

  <parent>
    <artifactId>project</artifactId>
    <groupId>io.hawt</groupId>
    <version>1.3-SNAPSHOT</version>
  </parent>

  <groupId>org.apache.maven.plugin.my.unit</groupId>
  <artifactId>project-to-test</artifactId>

  <packaging>jar</packaging>
  <name>Test MyMojo</name>

  <dependencies>

    <dependency>
      <groupId>org.fusesource.fabric</groupId>
      <artifactId>fabric-core-agent-ssh</artifactId>
      <version>${fabric-version}</version>
      <scope>compile</scope>
    </dependency>

    <dependency>
      <groupId>junit</groupId>
      <artifactId>junit</artifactId>
      <version>3.8.1</version>
      <scope>test</scope>
    </dependency>

  </dependencies>

  <build>
    <plugins>
      <plugin>
        <groupId>io.hawt</groupId>
        <artifactId>hawtio-json-schema-generator-plugin</artifactId>
        <version>${project.version}</version>
        <configuration>
          <classes>
            <org.fusesource.fabric.service.ssh.CreateSshContainerOptions>
              createSshContainerOptions.json
            </org.fusesource.fabric.service.ssh.CreateSshContainerOptions>
          </classes>
        </configuration>
        <dependencies>
        </dependencies>
      </plugin>

    </plugins>
  </build>
</project>
